<?xml version="1.0" encoding="UTF-8"?>
<!-- Generated by org.testng.reporters.JUnitReportReporter -->
<testsuite hostname="INHYNSKILARI1" name="test" tests="1" failures="0" timestamp="27 Jan 2016 09:53:30 GMT" time="0.015" errors="0">
  <testcase name="abc" time="0.015" classname="test"/>
</testsuite> <!-- test -->
