<?xml version="1.0" encoding="UTF-8"?>
<!-- Generated by org.testng.reporters.JUnitReportReporter -->
<testsuite hostname="INHYNSKILARI1" name="com.Base.Base" tests="1" failures="0" timestamp="27 Jan 2016 13:02:40 GMT" time="3.051" errors="0">
  <testcase name="abc" time="3.051" classname="com.Base.Base"/>
</testsuite> <!-- com.Base.Base -->
